# JRE version: Java(TM) SE Runtime Environment (17.0.1+12) (build 17.0.1+12-LTS-39)
# Java VM: Java HotSpot(TM) 64-Bit Server VM (17.0.1+12-LTS-39, mixed mode, sharing, tiered, compressed oops, compressed class ptrs, g1 gc, windows-amd64)
GC Precious Log:
 CPUs: 8 total, 8 available
 Memory: 14244M
 Large Page Support: Disabled
 NUMA Support: Disabled
 Compressed Oops: Enabled (Zero based)
 Heap Region Size: 2M
 Heap Min Capacity: 8M
 Heap Initial Capacity: 224M
 Heap Max Capacity: 3G
 Pre-touch: Disabled
 Parallel Workers: 8
 Concurrent Workers: 2
 Concurrent Refinement Workers: 8
 Periodic GC: Disabled
Heap:
 garbage-first heap   total 251904K, used 185455K [0x0000000740000000, 0x0000000800000000)
  region size 2048K, 2 young (4096K), 2 survivors (4096K)
 Metaspace       used 78426K, committed 79360K, reserved 1122304K
  class space    used 10557K, committed 11008K, reserved 1048576K
GC Heap History (20 events):
Event: 1137.588 GC heap after
{Heap after GC invocations=34 (full 0):
 garbage-first heap   total 221184K, used 74989K [0x0000000740000000, 0x0000000800000000)
  region size 2048K, 3 young (6144K), 3 survivors (6144K)
 Metaspace       used 72587K, committed 73408K, reserved 1114112K
  class space    used 9760K, committed 10112K, reserved 1048576K
}
Event: 1141.811 GC heap before
{Heap before GC invocations=34 (full 0):
 garbage-first heap   total 221184K, used 183533K [0x0000000740000000, 0x0000000800000000)
  region size 2048K, 56 young (114688K), 3 survivors (6144K)
 Metaspace       used 72765K, committed 73600K, reserved 1114112K
  class space    used 9775K, committed 10176K, reserved 1048576K
}
Event: 1141.816 GC heap after
{Heap after GC invocations=35 (full 0):
 garbage-first heap   total 221184K, used 75143K [0x0000000740000000, 0x0000000800000000)
  region size 2048K, 4 young (8192K), 4 survivors (8192K)
 Metaspace       used 72765K, committed 73600K, reserved 1114112K
  class space    used 9775K, committed 10176K, reserved 1048576K
}
Event: 1172.837 GC heap before
{Heap before GC invocations=35 (full 0):
 garbage-first heap   total 221184K, used 177543K [0x0000000740000000, 0x0000000800000000)
  region size 2048K, 47 young (96256K), 4 survivors (8192K)
 Metaspace       used 74838K, committed 75712K, reserved 1114112K
  class space    used 10056K, committed 10496K, reserved 1048576K
}
Event: 1172.845 GC heap after
{Heap after GC invocations=36 (full 0):
 garbage-first heap   total 221184K, used 78646K [0x0000000740000000, 0x0000000800000000)
  region size 2048K, 5 young (10240K), 5 survivors (10240K)
 Metaspace       used 74838K, committed 75712K, reserved 1114112K
  class space    used 10056K, committed 10496K, reserved 1048576K
}
Event: 1276.868 GC heap before
{Heap before GC invocations=36 (full 0):
 garbage-first heap   total 221184K, used 201526K [0x0000000740000000, 0x0000000800000000)
  region size 2048K, 55 young (112640K), 5 survivors (10240K)
 Metaspace       used 75490K, committed 76416K, reserved 1122304K
  class space    used 10059K, committed 10496K, reserved 1048576K
}
Event: 1276.877 GC heap after
{Heap after GC invocations=37 (full 0):
 garbage-first heap   total 221184K, used 80284K [0x0000000740000000, 0x0000000800000000)
  region size 2048K, 4 young (8192K), 4 survivors (8192K)
 Metaspace       used 75490K, committed 76416K, reserved 1122304K
  class space    used 10059K, committed 10496K, reserved 1048576K
}
Event: 1307.647 GC heap before
{Heap before GC invocations=37 (full 0):
 garbage-first heap   total 221184K, used 137628K [0x0000000740000000, 0x0000000800000000)
  region size 2048K, 22 young (45056K), 4 survivors (8192K)
 Metaspace       used 75679K, committed 76544K, reserved 1122304K
  class space    used 10065K, committed 10496K, reserved 1048576K
}
Event: 1307.655 GC heap after
{Heap after GC invocations=38 (full 0):
 garbage-first heap   total 221184K, used 81267K [0x0000000740000000, 0x0000000800000000)
  region size 2048K, 4 young (8192K), 4 survivors (8192K)
 Metaspace       used 75679K, committed 76544K, reserved 1122304K
  class space    used 10065K, committed 10496K, reserved 1048576K
}
Event: 1307.706 GC heap before
{Heap before GC invocations=38 (full 0):
 garbage-first heap   total 221184K, used 83315K [0x0000000740000000, 0x0000000800000000)
  region size 2048K, 5 young (10240K), 4 survivors (8192K)
 Metaspace       used 75679K, committed 76544K, reserved 1122304K
  class space    used 10065K, committed 10496K, reserved 1048576K
}
Event: 1307.713 GC heap after
{Heap after GC invocations=39 (full 0):
 garbage-first heap   total 221184K, used 80457K [0x0000000740000000, 0x0000000800000000)
  region size 2048K, 4 young (8192K), 4 survivors (8192K)
 Metaspace       used 75679K, committed 76544K, reserved 1122304K
  class space    used 10065K, committed 10496K, reserved 1048576K
}
Event: 1307.744 GC heap before
{Heap before GC invocations=39 (full 0):
 garbage-first heap   total 221184K, used 102985K [0x0000000740000000, 0x0000000800000000)
  region size 2048K, 5 young (10240K), 4 survivors (8192K)
 Metaspace       used 75679K, committed 76544K, reserved 1122304K
  class space    used 10065K, committed 10496K, reserved 1048576K
}
Event: 1307.752 GC heap after
{Heap after GC invocations=40 (full 0):
 garbage-first heap   total 221184K, used 80981K [0x0000000740000000, 0x0000000800000000)
  region size 2048K, 4 young (8192K), 4 survivors (8192K)
 Metaspace       used 75679K, committed 76544K, reserved 1122304K
  class space    used 10065K, committed 10496K, reserved 1048576K
}
Event: 1319.214 GC heap before
{Heap before GC invocations=40 (full 0):
 garbage-first heap   total 221184K, used 191573K [0x0000000740000000, 0x0000000800000000)
  region size 2048K, 56 young (114688K), 4 survivors (8192K)
 Metaspace       used 78303K, committed 79168K, reserved 1122304K
  class space    used 10545K, committed 10944K, reserved 1048576K
}
Event: 1319.237 GC heap after
{Heap after GC invocations=41 (full 0):
 garbage-first heap   total 239616K, used 116329K [0x0000000740000000, 0x0000000800000000)
  region size 2048K, 7 young (14336K), 7 survivors (14336K)
 Metaspace       used 78303K, committed 79168K, reserved 1122304K
  class space    used 10545K, committed 10944K, reserved 1048576K
}
Event: 1319.303 GC heap before
{Heap before GC invocations=41 (full 0):
 garbage-first heap   total 239616K, used 171625K [0x0000000740000000, 0x0000000800000000)
  region size 2048K, 34 young (69632K), 7 survivors (14336K)
 Metaspace       used 78309K, committed 79168K, reserved 1122304K
  class space    used 10545K, committed 10944K, reserved 1048576K
}
Event: 1319.327 GC heap after
{Heap after GC invocations=42 (full 0):
 garbage-first heap   total 239616K, used 153438K [0x0000000740000000, 0x0000000800000000)
  region size 2048K, 5 young (10240K), 5 survivors (10240K)
 Metaspace       used 78309K, committed 79168K, reserved 1122304K
  class space    used 10545K, committed 10944K, reserved 1048576K
}
Event: 1319.346 GC heap before
{Heap before GC invocations=42 (full 0):
 garbage-first heap   total 239616K, used 180062K [0x0000000740000000, 0x0000000800000000)
  region size 2048K, 18 young (36864K), 5 survivors (10240K)
 Metaspace       used 78309K, committed 79168K, reserved 1122304K
  class space    used 10545K, committed 10944K, reserved 1048576K
}
Event: 1319.362 GC heap after
{Heap after GC invocations=43 (full 0):
 garbage-first heap   total 239616K, used 174214K [0x0000000740000000, 0x0000000800000000)
  region size 2048K, 3 young (6144K), 3 survivors (6144K)
 Metaspace       used 78309K, committed 79168K, reserved 1122304K
  class space    used 10545K, committed 10944K, reserved 1048576K
}
Event: 1319.403 GC heap before
{Heap before GC invocations=43 (full 0):
 garbage-first heap   total 239616K, used 188550K [0x0000000740000000, 0x0000000800000000)
  region size 2048K, 10 young (20480K), 3 survivors (6144K)
 Metaspace       used 78426K, committed 79360K, reserved 1122304K
  class space    used 10557K, committed 11008K, reserved 1048576K
}

